[01:49:39] [Server thread/INFO]: Starting minecraft server version 1.10.2
[01:50:52] [Server thread/INFO]: Loading properties
[01:50:52] [Server thread/INFO]: Default game type: SURVIVAL
[01:50:52] [Server thread/INFO]: Generating keypair
[01:50:52] [Server thread/INFO]: Starting Minecraft server on *:32936
[01:50:52] [Server thread/INFO]: Using default channel type
[01:51:08] [Server thread/INFO]: Preparing level "world"
[01:51:10] [Server thread/INFO]: Preparing start region for level 0
[01:51:10] [Server thread/INFO]: Done (2.198s)! For help, type "help" or "?"
[01:51:58] [User Authenticator #1/INFO]: UUID of player BigRybo is 663002e7-9e32-416d-9d96-1d8c1b7d1b2b
[01:52:00] [Server thread/INFO]: BigRybo[/199.116.115.146:63316] logged in with entity id 1 at (216.5, 64.0, 256.5)
[01:52:00] [Server thread/INFO]: BigRybo joined the game
[01:54:10] [Server thread/INFO]: BigRybo has just earned the achievement [Taking Inventory]
[01:55:31] [User Authenticator #2/INFO]: UUID of player WereRen is 9ebf6b40-4bf6-46cd-a89d-456db698a051
[01:55:33] [Server thread/INFO]: WereRen[/74.215.2.252:52212] logged in with entity id 4 at (216.5, 64.0, 256.5)
[01:55:33] [Server thread/INFO]: WereRen joined the game
[01:55:37] [Server thread/INFO]: <BigRybo> omg i did it
[01:55:39] [Server thread/INFO]: <BigRybo> i got it all working
[01:55:55] [Server thread/INFO]: <WereRen> ohchrist
[01:55:58] [Server thread/INFO]: <BigRybo> are you proud of me dad
[01:55:59] [Server thread/INFO]: WereRen has just earned the achievement [Taking Inventory]
[01:56:16] [Server thread/INFO]: <BigRybo> okay so
[01:56:17] [Server thread/INFO]: <WereRen> how the fuck do your eyes move like that
[01:56:19] [Server thread/INFO]: <BigRybo> now we got this running
[01:56:24] [Server thread/INFO]: <BigRybo> oh it's a random thing on this pack
[01:56:27] [Server thread/INFO]: <BigRybo> sometimes yuo spawn with googly eyes
[01:56:32] [Server thread/INFO]: <BigRybo> shit it almost fell off
[01:56:36] [Server thread/INFO]: <BigRybo> the tree
[01:56:49] [Server thread/INFO]: <BigRybo> ren this is spooky
[01:56:52] [Server thread/INFO]: WereRen has just earned the achievement [Getting Wood]
[01:57:03] [Server thread/INFO]: BigRybo has just earned the achievement [Getting Educated]
[01:57:20] [Server thread/INFO]: WereRen has just earned the achievement [Benchmarking]
[01:57:29] [Server thread/INFO]: <BigRybo> omg
[01:57:39] [Server thread/INFO]: <BigRybo> wait
[01:57:41] [Server thread/INFO]: <BigRybo> theres dirt under it
[01:57:46] [Server thread/INFO]: BigRybo has just earned the achievement [Getting Wood]
[01:58:11] [Server thread/INFO]: <WereRen> sooo what do
[01:58:35] [Server thread/INFO]: <BigRybo> we must survive
[01:58:38] [Server thread/INFO]: <BigRybo> and grow another tree
[01:58:49] [Server thread/INFO]: <BigRybo> this is all we got for now
[01:58:58] [Server thread/INFO]: <BigRybo> hopefully we get a sapling
[01:59:40] [Server thread/INFO]: <BigRybo> i got a sapling
[01:59:41] [Server thread/INFO]: WereRen has just earned the achievement [Getting Educated]
[01:59:53] [Server thread/INFO]: <BigRybo> now we must wait for it to gro
[01:59:57] [Server thread/INFO]: <WereRen> do you have 1 wood
[02:00:02] [Server thread/INFO]: <BigRybo> i have 2 wood
[02:00:07] [Server thread/INFO]: <WereRen> can i have 1
[02:00:37] [Server thread/INFO]: <BigRybo> aha
[02:00:40] [Server thread/INFO]: <BigRybo> there's a book that tells us what to do
[02:00:50] [Server thread/INFO]: <WereRen> theres 4
[02:00:59] [Server thread/INFO]: <BigRybo> ye
[02:01:04] [Server thread/INFO]: <BigRybo> 5 actually
[02:01:21] [Server thread/INFO]: <BigRybo> TREE
[02:02:13] [Server thread/INFO]: <BigRybo> we will play through this entire pack
[02:02:17] [Server thread/INFO]: <BigRybo> eventually
[02:02:34] [Server thread/INFO]: <BigRybo> laptop man's laptop worked out for us
[02:03:01] [Server thread/INFO]: <BigRybo> o yea can you see my skin
[02:03:07] [Server thread/INFO]: <WereRen> the eyes
[02:03:15] [Server thread/INFO]: <BigRybo> im mexican
[02:03:30] [Server thread/INFO]: <BigRybo> i liked mexican people when i was 11 so i made my minecraft skin mexican
[02:04:05] [Server thread/INFO]: <BigRybo> this base is ghetto
[02:04:42] [Server thread/INFO]: <WereRen> lmao mexican
[02:04:53] [Server thread/INFO]: <BigRybo> yes
[02:05:02] [Server thread/INFO]: <WereRen> its saying we will find... biomes? fucking HWHERE
[02:05:12] [Server thread/INFO]: <BigRybo> in fact there are some who call me mexican jones
[02:05:33] [Server thread/INFO]: <BigRybo> idk we're in the sky
[02:05:37] [Server thread/INFO]: <BigRybo> we have new tree
[02:05:41] [Server thread/INFO]: <BigRybo> how do we get resources
[02:05:58] [Server thread/INFO]: <WereRen> well
[02:06:02] [Server thread/INFO]: <WereRen> idkmang
[02:06:58] [Server thread/INFO]: <WereRen> qhat the fuck
[02:07:02] [Server thread/INFO]: <BigRybo> what
[02:07:12] [Server thread/INFO]: <WereRen> the tan book said itd help us survive the first day BUT WE ARE IN THE SKY
[02:07:22] [Server thread/INFO]: <BigRybo> true
[02:07:25] [Server thread/INFO]: <BigRybo> i made the platform slightly bigger
[02:07:52] [Server thread/INFO]: <BigRybo> i think the purple one is the one we need
[02:08:09] [Server thread/INFO]: <WereRen> yes purple
[02:08:22] [Server thread/INFO]: <BigRybo> it says we can twerk
[02:09:32] [Server thread/INFO]: <BigRybo> I made something
[02:09:34] [Server thread/INFO]: <BigRybo> look at it
[02:09:43] [Server thread/INFO]: <BigRybo> it's a crafting table
[02:09:59] [Server thread/INFO]: <WereRen> whats the difference between it and the old one
[02:10:03] [Server thread/INFO]: <BigRybo> idk
[02:10:07] [Server thread/INFO]: <BigRybo> i saw it in the recipes on the right
[02:10:52] [Server thread/INFO]: <WereRen> we need a barrel if we want water
[02:11:00] [Server thread/INFO]: <BigRybo> well i guess we could make a barrel
[02:11:03] [Server thread/INFO]: <BigRybo> i made another table
[02:11:47] [Server thread/INFO]: <WereRen> stencil table
[02:11:49] [Server thread/INFO]: <BigRybo> yes
[02:12:00] [Server thread/INFO]: <BigRybo> there's a mod in this pack that will let us make tools that are strong without stone
[02:12:00] [Server thread/INFO]: <WereRen> whats it do
[02:12:04] [Server thread/INFO]: <WereRen> omg
[02:12:13] [Server thread/INFO]: <WereRen> yeah theres apparently weapons for cactus and pig
[02:12:13] [Server thread/INFO]: <BigRybo> but we need shitloads of wood
[02:13:12] [Server thread/INFO]: <BigRybo> so it says in this book we can twerk
[02:13:18] [Server thread/INFO]: <BigRybo> in this purple book
[02:13:20] [Server thread/INFO]: <WereRen> lmao i think its repeated crouching
[02:13:31] [Server thread/INFO]: <BigRybo> o
[02:13:35] [Server thread/INFO]: <BigRybo> i see
[02:13:54] [Server thread/INFO]: <BigRybo> ah
[02:13:54] [Server thread/INFO]: <WereRen> we did it
[02:14:05] [Server thread/INFO]: <BigRybo> we need dirt
[02:14:12] [Server thread/INFO]: <WereRen> how i wonder
[02:14:26] [Server thread/INFO]: <BigRybo> im gonna try to do the tool thing
[02:15:14] [Server thread/INFO]: <BigRybo> omg it's so many steps
[02:15:30] [Server thread/INFO]: BigRybo has just earned the achievement [Benchmarking]
[02:15:49] [Server thread/INFO]: <BigRybo> i made you an ax
[02:15:55] [Server thread/INFO]: <WereRen> thank u
[02:15:58] [Server thread/INFO]: <BigRybo> its in this chest
[02:16:01] [Server thread/INFO]: <BigRybo> u can use it to chop trees
[02:16:41] [Server thread/INFO]: <WereRen> whats a crook
[02:16:53] [Server thread/INFO]: <BigRybo> mitch mconnel
[02:16:58] [Server thread/INFO]: <WereRen> lmO
[02:17:09] [Server thread/INFO]: <BigRybo> i made another axe
[02:17:14] [Server thread/INFO]: <WereRen> i mean it says we need a crook to get a silkworm
[02:17:37] [Server thread/INFO]: <BigRybo> we need a lot of things
[02:17:44] [Server thread/INFO]: <BigRybo> do you want other tools
[02:17:46] [Server thread/INFO]: <BigRybo> like a sword
[02:18:22] [Server thread/INFO]: <BigRybo> it says we can repair these tools
[02:20:13] [Server thread/INFO]: <WereRen> jesus christ it takes two iron and some redstone thing and an item frame to make a fucking BARREL
[02:20:22] [Server thread/INFO]: <BigRybo> i made a cheaper barrel
[02:20:26] [Server thread/INFO]: <BigRybo> i found it by searching barrel
[02:20:31] [Server thread/INFO]: <WereRen> orly
[02:20:35] [Server thread/INFO]: <BigRybo> yea its right there
[02:20:40] [Server thread/INFO]: <WereRen> yeah we need that to compost leaves in for dirt
[02:20:47] [Server thread/INFO]: <BigRybo> yea i read the wiki a bit
[02:20:59] [Server thread/INFO]: <BigRybo> alright
[02:21:07] [Server thread/INFO]: <BigRybo> this is how you get dirt in vanilla mc too
[02:21:12] [Server thread/INFO]: <WereRen> we need a silkworm now
[02:21:17] [Server thread/INFO]: <BigRybo> how tf do you get a silk worm
[02:21:23] [Server thread/INFO]: <WereRen> we need a crook
[02:21:31] [Server thread/INFO]: <BigRybo> mitch mcconnel
[02:21:49] [Server thread/INFO]: <WereRen> i clicked it on accident oops
[02:21:58] [Server thread/INFO]: <WereRen> how tf do you spam shift without sticky key popup
[02:22:02] [Server thread/INFO]: <BigRybo> i turned it off
[02:22:27] [Server thread/INFO]: <BigRybo> trees give apples too
[02:23:25] [Server thread/INFO]: <WereRen> a crook is just sticks lol
[02:23:33] [Server thread/INFO]: <BigRybo> ya i saw
[02:23:36] [Server thread/INFO]: <BigRybo> btw if you press R on an item
[02:23:38] [Server thread/INFO]: <WereRen> one step ahead of me smh
[02:23:38] [Server thread/INFO]: <BigRybo> it shows the recipe
[02:23:41] [Server thread/INFO]: <WereRen> oh
[02:24:04] [Server thread/INFO]: <WereRen> do you have anothersapling
[02:24:09] [Server thread/INFO]: <BigRybo> ya
[02:24:13] [Server thread/INFO]: <WereRen> you should plant it
[02:24:44] [Server thread/INFO]: <BigRybo> did you get the silk worm
[02:24:52] [Server thread/INFO]: <WereRen> idk if its workign
[02:24:57] [Server thread/INFO]: <WereRen> i think i need a normal crook
[02:25:05] [Server thread/INFO]: <BigRybo> rip
[02:25:14] [Server thread/INFO]: <WereRen> NO I WAS WORNG
[02:25:15] [Server thread/INFO]: <BigRybo> we'll put the silk worm tree here
[02:25:26] [Server thread/INFO]: <BigRybo> away from the normal trees
[02:26:02] [Server thread/INFO]: <BigRybo> silk it
[02:26:05] [Server thread/INFO]: <BigRybo> o man
[02:26:09] [Server thread/INFO]: <BigRybo> this is going to take a while isnt it
[02:26:13] [Server thread/INFO]: <WereRen> probably
[02:26:25] [Server thread/INFO]: <BigRybo> ill make more dirt
[02:26:29] [Server thread/INFO]: <BigRybo> you can make wooden shears btw
[02:26:30] [Server thread/INFO]: <BigRybo> to get leaves
[02:26:34] [Server thread/INFO]: <BigRybo> for composting
[02:27:02] [Server thread/INFO]: <BigRybo> do you see the skybox
[02:27:05] [Server thread/INFO]: <BigRybo> it's like galactic winds
[02:27:09] [Server thread/INFO]: <WereRen> yiss
[02:27:27] [Server thread/INFO]: <BigRybo> so that tree
[02:27:34] [Server thread/INFO]: <BigRybo> it infested pretty fast
[02:28:11] [Server thread/INFO]: <BigRybo> i can see what ur crafting in here
[02:28:24] [Server thread/INFO]: <BigRybo> we should prboably build like
[02:28:26] [Server thread/INFO]: <BigRybo> ground around this
[02:28:34] [Server thread/INFO]: <BigRybo> so that we dont lose thes tuff
[02:30:10] [Server thread/INFO]: <BigRybo> phew
[02:31:36] [Server thread/INFO]: <WereRen> GOT STRING OUT THE WINGWANG
[02:31:44] [Server thread/INFO]: <BigRybo> oh damn nice
[02:31:46] [Server thread/INFO]: <BigRybo> what do we need it for
[02:31:59] [Server thread/INFO]: <BigRybo> i made more crooks
[02:32:01] [Server thread/INFO]: <WereRen> a sieve and string mesh
[02:32:40] [Server thread/INFO]: <BigRybo> im so glad im going to be done with work in 15 days
[02:32:47] [Server thread/INFO]: <WereRen> heccyea
[02:32:54] [Server thread/INFO]: <BigRybo> what
[02:32:58] [Server thread/INFO]: <BigRybo> i just found a key
[02:33:04] [Server thread/INFO]: <BigRybo> hold ~ and mine something
[02:33:11] [Server thread/INFO]: <BigRybo> like a tree
[02:33:18] [Server thread/INFO]: <BigRybo> try it out
[02:33:31] [Server thread/INFO]: <BigRybo> no hold ~ when you do it
[02:33:39] [Server thread/INFO]: <WereRen> iam
[02:33:43] [Server thread/INFO]: <BigRybo> hmm
[02:33:44] [Server thread/INFO]: <BigRybo> ry it an axe
[02:33:50] [Server thread/INFO]: <BigRybo> i did it and the tree exploded
[02:34:00] [Server thread/INFO]: <BigRybo> OMG
[02:34:07] [Server thread/INFO]: <BigRybo> good shit
[02:34:42] [Server thread/INFO]: <BigRybo> i got so many silkwrosm now
[02:34:49] [Server thread/INFO]: <BigRybo> 14 silkworms
[02:34:53] [Server thread/INFO]: <WereRen> damn
[02:35:03] [Server thread/INFO]: <BigRybo> i used that trick to get all the leaves with a compressed crook
[02:35:33] [Server thread/INFO]: <BigRybo> 22 saplings
[02:35:35] [Server thread/INFO]: <BigRybo> lmao
[02:35:36] [Server thread/INFO]: <WereRen> dude
[02:35:40] [Server thread/INFO]: <BigRybo> omg
[02:35:44] [Server thread/INFO]: <BigRybo> it makes you hungry really fast
[02:35:49] [Server thread/INFO]: <BigRybo> yes
[02:35:51] [Server thread/INFO]: <BigRybo> sieve
[02:35:55] [Server thread/INFO]: <BigRybo> heavy oak sieve
[02:36:15] [Server thread/INFO]: <BigRybo> do we need dirt for it
[02:36:20] [Server thread/INFO]: <WereRen> we must be in a desert for lack of rain
[02:36:24] [Server thread/INFO]: <WereRen> idk what it does
[02:36:37] [Server thread/INFO]: <BigRybo> we're in a forest
[02:36:39] [Server thread/INFO]: <BigRybo> according to F3
[02:37:06] [Server thread/INFO]: <BigRybo> im gonna sift some dirt
[02:37:40] [Server thread/INFO]: <BigRybo> how do you use this
[02:38:02] [Server thread/INFO]: <WereRen> need sapps
[02:38:16] [Server thread/INFO]: <BigRybo> maybet his sieve
[02:38:18] [Server thread/INFO]: <BigRybo> this*
[02:38:26] [Server thread/INFO]: <BigRybo> aha
[02:38:31] [Server thread/INFO]: <BigRybo> the heavy one is different
[02:38:44] [Server thread/INFO]: <BigRybo> i got 4 stone
[02:38:45] [Server thread/INFO]: <WereRen> need sapps
[02:39:06] [Server thread/INFO]: <WereRen> made water
[02:39:14] [Server thread/INFO]: <BigRybo> how
[02:39:31] [Server thread/INFO]: <BigRybo> ah
[02:39:35] [Server thread/INFO]: <BigRybo> how do we get it out
[02:39:44] [Server thread/INFO]: <WereRen> idk it just told me to do it
[02:39:59] [Server thread/INFO]: <BigRybo> we need cobblestone now then
[02:40:49] [Server thread/INFO]: <BigRybo> we have so many resources now
[02:40:56] [Server thread/INFO]: <BigRybo> i put a stack of wood in the chest
[02:41:09] [Server thread/INFO]: <WereRen> you should stick ur leaves in to make dirt so we can get cobblestoned
[02:41:12] [Server thread/INFO]: <WereRen> heckk
[02:41:15] [Server thread/INFO]: <WereRen> all from one tree
[02:41:46] [Server thread/INFO]: <BigRybo> yes
[02:41:51] [Server thread/INFO]: <BigRybo> should
[02:41:56] [Server thread/INFO]: <BigRybo> right click it
[02:41:59] [Server thread/INFO]: <BigRybo> to sift
[02:42:12] [Server thread/INFO]: <BigRybo> how much do we need to make cobble
[02:42:16] [Server thread/INFO]: <WereRen> not sure
[02:42:33] [Server thread/INFO]: <BigRybo> 29 silkworms
[02:42:48] [Server thread/INFO]: <WereRen> made 3
[02:42:53] [Server thread/INFO]: <BigRybo> this map has such good fps
[02:42:57] [Server thread/INFO]: <BigRybo> cuz there's nothing in here
[02:43:02] [Server thread/INFO]: <WereRen> yeah haha
[02:43:22] [Server thread/INFO]: <BigRybo> we need a hammer now
[02:43:50] [Server thread/INFO]: <BigRybo> got 1
[02:44:17] [Server thread/INFO]: <BigRybo> i made dust
[02:44:41] [Server thread/INFO]: <BigRybo> the last task on this list
[02:44:43] [Server thread/INFO]: <BigRybo> a cobble stone gen
[02:44:46] [Server thread/INFO]: <BigRybo> we dont even have buckets
[02:46:30] [Server thread/INFO]: <BigRybo> i got bonemeal
[02:46:34] [Server thread/INFO]: <BigRybo> and gold ore piece
[02:46:40] [Server thread/INFO]: <BigRybo> from dust
[02:46:44] [Server thread/INFO]: <WereRen> omg how
[02:46:45] [Server thread/INFO]: <WereRen> oh
[02:46:47] [Server thread/INFO]: <BigRybo> i used the hammer
[02:46:51] [Server thread/INFO]: <BigRybo> and pounded cobblestone into dust
[02:47:31] [Server thread/INFO]: <BigRybo> copper ore piece
[02:47:37] [Server thread/INFO]: <BigRybo> we can make good shit with this
[02:48:02] [Server thread/INFO]: <BigRybo> we're out of cobble now tho
[02:48:33] [Server thread/INFO]: <BigRybo> im gonna upgrade the chest
[02:48:55] [Server thread/INFO]: <BigRybo> actually
[02:48:58] [Server thread/INFO]: <BigRybo> im gonna build a room around this area
[02:49:02] [Server thread/INFO]: <WereRen> kk
[02:49:02] [Server thread/INFO]: <BigRybo> we mine as well, we have the resources now
[02:51:00] [Server thread/INFO]: <BigRybo> dude my manager is insane
[02:51:11] [Server thread/INFO]: <WereRen> how so
[02:51:15] [Server thread/INFO]: <BigRybo> he wants to make a website to tell girls why they should break up with their boyfriends and go to
[02:51:16] [Server thread/INFO]: <BigRybo> him
[02:51:22] [Server thread/INFO]: <WereRen> ....lmao
[02:51:25] [Server thread/INFO]: <WereRen> what
[02:51:27] [Server thread/INFO]: <BigRybo> i thought he was joking but i think he was sincere now
[02:51:31] [Server thread/INFO]: <WereRen> what the fuck
[02:51:42] [Server thread/INFO]: <BigRybo> he said and I quote
[02:51:59] [Server thread/INFO]: <BigRybo> "i'll have a picture of me running a marathon and me with money, girls like muscles and money right"
[02:52:23] [Server thread/INFO]: <WereRen> and personality.... well, the wrong type of girl goes for money
[02:52:36] [Server thread/INFO]: <WereRen> the type of girl thatll give karmatic justice and fuck him over
[02:52:40] [Server thread/INFO]: <BigRybo> dude i'm the only sane one in engineering
[02:52:43] [Server thread/INFO]: <BigRybo> fucking
[02:52:59] [Server thread/INFO]: <BigRybo> lmao
[02:53:15] [Server thread/INFO]: <BigRybo> i'm making this room japanese style to save room
[02:53:19] [Server thread/INFO]: <WereRen> kk
[02:53:21] [Server thread/INFO]: <BigRybo> it won't be 100% safe but it'll be safer
[02:53:30] [Server thread/INFO]: <WereRen> did you figure out what the heavy oak sieve is for
[02:53:34] [Server thread/INFO]: <BigRybo> no idea
[02:53:45] [Server thread/INFO]: <BigRybo> wait i figured it out
[02:53:52] [Server thread/INFO]: <BigRybo> you can compress dust and dirt and shit
[02:53:54] [Server thread/INFO]: <BigRybo> and sieve ita ll at once
[02:54:00] [Server thread/INFO]: <WereRen> ooshit
[02:54:59] [Server thread/INFO]: <BigRybo> and done
[02:55:08] [Server thread/INFO]: <BigRybo> now we have a house sorta
[02:55:22] [Server thread/INFO]: <BigRybo> woah
[02:55:24] [Server thread/INFO]: <BigRybo> new sapling
[02:55:26] [Server thread/INFO]: <WereRen> i got seed
[02:55:38] [Server thread/INFO]: <BigRybo> o man
[02:55:39] [Server thread/INFO]: <BigRybo> another new one
[02:55:52] [Server thread/INFO]: <BigRybo> i think this one is too close to the house to grow
[02:56:41] [Server thread/INFO]: <BigRybo> this sapling is ungrowable
[02:56:59] [Server thread/INFO]: <BigRybo> smh
[02:57:00] [Server thread/INFO]: <WereRen> itll take time
[02:57:14] [Server thread/INFO]: <BigRybo> i like birch better anyways
[02:58:21] [Server thread/INFO]: <BigRybo> we need flint
[02:58:24] [Server thread/INFO]: <BigRybo> for one of the challenges
[02:58:29] [Server thread/INFO]: <BigRybo> so lets get gravel
[02:59:12] [Server thread/INFO]: <BigRybo> do you want a stone axe?
[02:59:17] [Server thread/INFO]: <WereRen> sure why not
[02:59:21] [Server thread/INFO]: <BigRybo> i mean
[02:59:23] [Server thread/INFO]: <BigRybo> a flint axe
[03:00:04] [Server thread/INFO]: <BigRybo> damn
[03:00:06] [Server thread/INFO]: <BigRybo> need more flint
[03:01:47] [Server thread/INFO]: <BigRybo> i put a flint axe in the chest for u
[03:01:54] [Server thread/INFO]: <BigRybo> we need to make all flint tools tho
[03:01:56] [Server thread/INFO]: <BigRybo> for both of us
[03:02:09] [Server thread/INFO]: <BigRybo> this finally grew
[03:03:48] [Server thread/INFO]: <BigRybo> this is a good mod pack
[03:03:52] [Server thread/INFO]: <WereRen> i agree
[03:04:12] [Server thread/INFO]: <BigRybo> need more flint
[03:04:25] [Server thread/INFO]: <BigRybo> im gonna make clay
[03:04:29] [Server thread/INFO]: <WereRen> kk
[03:04:34] [Server thread/INFO]: <WereRen> wrking on leaf production
[03:04:37] [Server thread/INFO]: <BigRybo> nice
[03:05:14] [Server thread/INFO]: <BigRybo> i still can't believe i impulse bought a laptop on my way to furry club
[03:05:22] [Server thread/INFO]: <WereRen> lmao i know
[03:05:29] [Server thread/INFO]: <BigRybo> but its hosting this server rn so
[03:05:33] [Server thread/INFO]: <BigRybo> i got a seed
[03:05:35] [Server thread/INFO]: <BigRybo> acacia seed
[03:06:10] [Server thread/INFO]: <BigRybo> i made clay
[03:06:14] [Server thread/INFO]: <BigRybo> check that one fof
[03:06:21] [Server thread/INFO]: <WereRen> YEET
[03:06:29] [Server thread/INFO]: <BigRybo> put it in the chest
[03:06:33] [Server thread/INFO]: <BigRybo> it's a big fat block of clay
[03:08:03] [Server thread/INFO]: <BigRybo> damn
[03:08:06] [Server thread/INFO]: <BigRybo> we need bonemeal to make this thing
[03:08:08] [Server thread/INFO]: <BigRybo> for the book
[03:08:12] [Server thread/INFO]: <BigRybo> the crucible
[03:08:33] [Server thread/INFO]: <BigRybo> i got wheat seeds
[03:08:35] [Server thread/INFO]: <BigRybo> we can start a farm
[03:08:43] [Server thread/INFO]: <BigRybo> well, we dont have water
[03:08:44] [Server thread/INFO]: <WereRen> oak is now an extinct wood rip
[03:08:47] [Server thread/INFO]: <BigRybo> but if we did we could start a farm
[03:08:51] [Server thread/INFO]: <BigRybo> i have 11 oa ksaplings on me
[03:09:01] [Server thread/INFO]: <WereRen> the water is from the crucible
[03:09:03] [Server thread/INFO]: <WereRen> oh
[03:09:10] [Server thread/INFO]: <BigRybo> i put 3 in the chest
[03:09:44] [Server thread/INFO]: <BigRybo> more clay
[03:09:55] [Server thread/INFO]: <BigRybo> aight now we need a bunch of bonemeal
[03:10:37] [Server thread/INFO]: <WereRen> how
[03:10:41] [Server thread/INFO]: <BigRybo> well
[03:10:44] [Server thread/INFO]: <BigRybo> i think we can sift for it
[03:11:10] [Server thread/INFO]: <WereRen> what about making torches? it tells us to heat a crucible with a torch for lava, i suppose we could
[03:11:11] [Server thread/INFO]: <BigRybo> we can sieve dust
[03:11:14] [Server thread/INFO]: <WereRen> use a preexisting one
[03:11:22] [Server thread/INFO]: <BigRybo> we can make a furnace
[03:11:25] [Server thread/INFO]: <BigRybo> and use that to make torches
[03:11:37] [Server thread/INFO]: <BigRybo> just need 8 cobblestone
[03:11:38] [Server thread/INFO]: <WereRen> ohh wood coal
[03:11:41] [Server thread/INFO]: <BigRybo> yup
[03:12:45] [Server thread/INFO]: <BigRybo> we should get steven to play this pack
[03:12:59] [Server thread/INFO]: <WereRen> yeah he wants to but we only have one mouse between us until mine comes in
[03:13:06] [Server thread/INFO]: <BigRybo> ah fair nuff
[03:13:23] [Server thread/INFO]: <WereRen> let me order that real fast
[03:13:33] [Server thread/INFO]: <BigRybo> i ordered a testing kit
[03:15:17] [Server thread/INFO]: <BigRybo> DIRT
[03:17:19] [Server thread/INFO]: <BigRybo> i got a jungle seed
[03:17:30] [Server thread/INFO]: <BigRybo> i got grass seeds
[03:17:41] [Server thread/INFO]: <BigRybo> dark oak seed
[03:17:52] [Server thread/INFO]: <BigRybo> string mesh
[03:17:56] [Server thread/INFO]: <BigRybo> apparently
[03:19:41] [Server thread/INFO]: <BigRybo> 1 more cobblestone
[03:20:58] [Server thread/INFO]: <BigRybo> furnace
[03:21:02] [Server thread/INFO]: <BigRybo> where put it
[03:21:12] [Server thread/INFO]: <BigRybo> ah right here
[03:21:12] [Server thread/INFO]: <WereRen> uhhh
[03:21:15] [Server thread/INFO]: <WereRen> yes
[03:21:21] [Server thread/INFO]: <BigRybo> now we can make torches
[03:21:35] [Server thread/INFO]: <BigRybo> and light this place up a bit
[03:21:48] [Server thread/INFO]: WereRen fell out of the world
[03:21:51] [Server thread/INFO]: <BigRybo> OH
[03:21:54] [Server thread/INFO]: <BigRybo> boi
[03:22:03] [Server thread/INFO]: <WereRen> .______.
[03:22:08] [Server thread/INFO]: <WereRen> fml
[03:22:11] [Server thread/INFO]: <WereRen> big fml
[03:22:12] [Server thread/INFO]: <BigRybo> well i hope you didn't have too much important
[03:22:23] [Server thread/INFO]: <WereRen> nope just the book D:
[03:22:27] [Server thread/INFO]: <BigRybo> did you get the book back
[03:22:36] [Server thread/INFO]: <WereRen> we should make a stand for the book thats left
[03:22:51] [Server thread/INFO]: <BigRybo> i can just spawn one in for you
[03:22:55] [Server thread/INFO]: <WereRen> lol
[03:22:57] [Server thread/INFO]: <BigRybo> a book
[03:23:03] [Server thread/INFO]: <WereRen> the purple one
[03:23:09] [Server thread/INFO]: <BigRybo> yea
[03:23:12] [Server thread/INFO]: <BigRybo> but that is kinda cheaty
[03:23:14] [Server thread/INFO]: <BigRybo> there's a recipe
[03:23:23] [Server thread/INFO]: <BigRybo> to make a new book
[03:23:39] [Server thread/INFO]: <BigRybo> wait i have an idea
[03:23:40] [Server thread/INFO]: <BigRybo> achievement stand
[03:23:56] [Server thread/INFO]: <BigRybo> AHA
[03:23:57] [Server thread/INFO]: <BigRybo> check this out
[03:24:00] [Server thread/INFO]: <BigRybo> we can sharei t now
[03:24:04] [Server thread/INFO]: <WereRen> yeeeeet
[03:25:14] [Server thread/INFO]: <BigRybo> alright this place is pretty good now
[03:25:27] [Server thread/INFO]: <BigRybo> we still need bonemeal tho
[03:25:31] [Server thread/INFO]: <BigRybo> from sifting dust
[03:25:38] [Server thread/INFO]: <WereRen> is my death just going to be marked forever by that annoying thing
[03:25:40] [Server thread/INFO]: <WereRen> yeah
[03:25:45] [Server thread/INFO]: <BigRybo> you can removev the market
[03:25:47] [Server thread/INFO]: <BigRybo> marker
[03:25:48] [Server thread/INFO]: <BigRybo> idr how
[03:27:55] [Server thread/INFO]: <BigRybo> figured it out
[03:27:57] [Server thread/INFO]: <BigRybo> press J
[03:28:23] [Server thread/INFO]: <BigRybo> this house is getting full af
[03:28:26] [Server thread/INFO]: <BigRybo> i think we'll have to make a new one
[03:28:33] [Server thread/INFO]: <BigRybo> or a 2nd story
[03:28:43] [Server thread/INFO]: <WereRen> hmmmmm
[03:28:45] [Server thread/INFO]: <WereRen> yes
[03:30:43] [Server thread/INFO]: <BigRybo> whatever u do dont fall off
[03:31:31] [Server thread/INFO]: <WereRen> omg the acacia saplings make the compost orange at first, cool detail
[03:31:37] [Server thread/INFO]: <BigRybo> huh
[03:31:43] [Server thread/INFO]: <BigRybo> yea a lot of autism probably bwent into this pack
[03:33:34] [Server thread/INFO]: <BigRybo> floor 2 is done
[03:33:39] [Server thread/INFO]: <BigRybo> now we have more room
[03:33:44] [Server thread/INFO]: <WereRen> big yeet
[03:34:16] [Server thread/INFO]: <BigRybo> wow
[03:34:19] [Server thread/INFO]: <BigRybo> you can compost silkworms
[03:34:26] [Server thread/INFO]: <WereRen> lmao wtf
[03:34:28] [Server thread/INFO]: <BigRybo> wow
[03:34:30] [Server thread/INFO]: <BigRybo> you can cook them too
[03:34:33] [Server thread/INFO]: <BigRybo> they're so versatile
[03:34:42] [Server thread/INFO]: <BigRybo> im actually going to cook these
[03:34:44] [Server thread/INFO]: <BigRybo> it'll give us food
[03:34:54] [Server thread/INFO]: <WereRen> ....ew
[03:35:05] [Server thread/INFO]: <BigRybo> we needi t
[03:35:48] [Server thread/INFO]: <BigRybo> it's going to take so long to get all of this bonemeal
[03:35:51] [Server thread/INFO]: WereRen lost connection: TranslatableComponent{key='disconnect.genericReason', args=[Internal Exception: java.io.IOException: An existing connection was forcibly closed by the remote host], siblings=[], style=Style{hasParent=false, color=null, bold=null, italic=null, underlined=null, obfuscated=null, clickEvent=null, hoverEvent=null, insertion=null}}
[03:35:51] [Server thread/INFO]: WereRen left the game
[03:36:58] [User Authenticator #3/INFO]: UUID of player WereRen is 9ebf6b40-4bf6-46cd-a89d-456db698a051
[03:37:00] [Server thread/INFO]: WereRen[/74.215.2.252:52468] logged in with entity id 1507 at (205.79452827374715, 58.0, 254.0475622751086)
[03:37:00] [Server thread/INFO]: WereRen joined the game
[03:37:09] [Server thread/INFO]: <BigRybo> maybe it's the canada proxy
[03:37:58] [Server thread/INFO]: <BigRybo> holy shit
[03:38:00] [Server thread/INFO]: <BigRybo> it's raining
[03:38:01] [Server thread/INFO]: <WereRen> ya
[03:38:17] [Server thread/INFO]: <BigRybo> free water
[03:40:02] [Server thread/INFO]: <BigRybo> good
[03:40:49] [Server thread/INFO]: <BigRybo> this crucible man
[03:40:55] [Server thread/INFO]: <BigRybo> straight up end-game shit here
[03:41:04] [Server thread/INFO]: <WereRen> yeet stone age bb
[03:43:07] [Server thread/INFO]: <BigRybo> dirt
[03:43:19] [Server thread/INFO]: <BigRybo> the chati n the java minecraft is so much better
[03:43:23] [Server thread/INFO]: <BigRybo> the win10 chat is cancer
[03:43:27] [Server thread/INFO]: <WereRen> agreed
[03:43:37] [Server thread/INFO]: <BigRybo> how did they fuck up a chat so bad
[03:43:58] [Server thread/INFO]: <WereRen> trying to make a computer game cross compatible with a mobile app and console
[03:44:02] [Server thread/INFO]: <BigRybo> tru
[03:44:39] [Server thread/INFO]: <BigRybo> a single bonemeal from all of that
[03:45:05] [Server thread/INFO]: <BigRybo> we need 7 of those porcelain clays
[03:45:11] [Server thread/INFO]: <WereRen> kk
[03:46:55] [Server thread/INFO]: <BigRybo> tomorrow is administrative professionals day
[03:47:07] [Server thread/INFO]: <BigRybo> woah
[03:47:10] [Server thread/INFO]: <BigRybo> what's this
[03:47:18] [Server thread/INFO]: <WereRen> attempting a garden
[03:47:20] [Server thread/INFO]: <BigRybo> ah
[03:48:49] [Server thread/INFO]: <WereRen> i need a hoe
[03:49:00] [Server thread/INFO]: <WereRen> or mattock w.e how do i do it
[03:49:08] [Server thread/INFO]: <BigRybo> you gotta make a tempalte for a hoe
[03:49:31] [Server thread/INFO]: <WereRen> how
[03:50:08] [Server thread/INFO]: <BigRybo> actually
[03:50:13] [Server thread/INFO]: <BigRybo> i think the hoe you can just do normally
[03:50:40] [Server thread/INFO]: <WereRen> kk
[03:50:48] [Server thread/INFO]: <WereRen> fuck we need a bucket
[03:50:56] [Server thread/INFO]: <BigRybo> we need a crucible to make a bucket
[03:50:57] [Server thread/INFO]: WereRen has just earned the achievement [Time to Farm!]
[03:51:08] [Server thread/INFO]: Server Backup started!
[03:51:08] [Thread-51/INFO]: Server backup done in 184ms! (510.6KB)
[03:53:18] [Server thread/INFO]: BigRybo has just earned the achievement [Time to Farm!]
[03:53:23] [Server thread/INFO]: <BigRybo> i made you a tool
[03:53:27] [Server thread/INFO]: <WereRen> :O
[03:53:31] [Server thread/INFO]: <BigRybo> for farming
[03:53:40] [Server thread/INFO]: <WereRen> thank you
[03:54:40] [Server thread/INFO]: <BigRybo> dirt
[03:54:57] [Server thread/INFO]: <WereRen> how did you get the leaves again
[03:55:04] [Server thread/INFO]: <BigRybo> shears
[03:55:05] [Server thread/INFO]: <WereRen> i only ever get saplings
[03:55:07] [Server thread/INFO]: <WereRen> o
[03:55:09] [Server thread/INFO]: <BigRybo> wooden shears
[03:57:38] [Server thread/INFO]: <BigRybo> fucking this is so hard
[03:57:44] [Server thread/INFO]: <BigRybo> still no bonemeal
[03:57:56] [Server thread/INFO]: <WereRen> jfc
[03:58:40] [Server thread/INFO]: <BigRybo> aight
[03:58:43] [Server thread/INFO]: <BigRybo> 3 porcelain clay now
[03:59:51] [Server thread/INFO]: <BigRybo> sugarcane seeds
[03:59:58] [Server thread/INFO]: <BigRybo> melon seeds
[04:00:53] [Server thread/INFO]: <BigRybo> 2 bonemeal
[04:01:19] [Server thread/INFO]: <BigRybo> im going to bed after we make this crucible
[04:01:31] [Server thread/INFO]: <WereRen> kk
[04:01:35] [Server thread/INFO]: <WereRen> same
[04:05:12] [Server thread/INFO]: <BigRybo> alright
[04:05:14] [Server thread/INFO]: <BigRybo> we have eniough clay
[04:05:33] [Server thread/INFO]: <BigRybo> how do we fire it
[04:05:38] [Server thread/INFO]: <BigRybo> i have it now
[04:05:40] [Server thread/INFO]: <WereRen> torch and uh
[04:06:05] [Server thread/INFO]: <WereRen> we gotta cook the crucible
[04:06:10] [Server thread/INFO]: <BigRybo> in what
[04:06:17] [Server thread/INFO]: <WereRen> i guess furnace
[04:06:19] [Server thread/INFO]: <BigRybo> shit
[04:06:21] [Server thread/INFO]: <BigRybo> how do i pick it
[04:06:36] [Server thread/INFO]: <WereRen> pickaxe or shovel uhh
[04:06:58] [Server thread/INFO]: <WereRen> ..
[04:07:06] [Server thread/INFO]: <BigRybo> oh my god
[04:07:07] [Server thread/INFO]: <WereRen> ........just cheat one in
[04:07:14] [Server thread/INFO]: <WereRen> you did all the work
[04:07:19] [Server thread/INFO]: <BigRybo> brb
[04:07:34] [Server thread/INFO]: Opped BigRybo
[04:08:51] [Server thread/INFO]: <BigRybo> how the fuck do ic heat it in
[04:09:11] [Server thread/INFO]: <BigRybo> got it
[04:09:18] [Server thread/INFO]: <WereRen> put in furnace
[04:09:40] [Server thread/INFO]: <BigRybo> alright
[04:09:41] [Server thread/INFO]: <BigRybo> its in there
[04:09:53] [Server thread/INFO]: <BigRybo> it's done hurray
[04:09:58] [Server thread/INFO]: <BigRybo> do you wanna be op too
[04:10:02] [Server thread/INFO]: <BigRybo> overpowered
[04:10:13] [Server thread/INFO]: <WereRen> nah haha
[04:10:17] [Server thread/INFO]: <WereRen> too tempted
[04:10:28] [Server thread/INFO]: <BigRybo> anyways
[04:10:31] [Server thread/INFO]: <BigRybo> im going to bed now
[04:10:43] [Server thread/INFO]: <WereRen> goodnigth dont die
[04:10:45] [Server thread/INFO]: <BigRybo> im gonna be tired as fuck tomorrow
[04:10:46] [Server thread/INFO]: <BigRybo> yus
[04:10:49] [Server thread/INFO]: <WereRen> yea ;;
[04:10:54] [Server thread/INFO]: BigRybo lost connection: TextComponent{text='Disconnected', siblings=[], style=Style{hasParent=false, color=null, bold=null, italic=null, underlined=null, obfuscated=null, clickEvent=null, hoverEvent=null, insertion=null}}
[04:10:54] [Server thread/INFO]: BigRybo left the game
[04:11:20] [Server thread/INFO]: WereRen lost connection: TextComponent{text='Disconnected', siblings=[], style=Style{hasParent=false, color=null, bold=null, italic=null, underlined=null, obfuscated=null, clickEvent=null, hoverEvent=null, insertion=null}}
[04:11:20] [Server thread/INFO]: WereRen left the game
[04:11:32] [Server thread/INFO]: Stopping the server
[04:11:32] [Server thread/INFO]: Stopping server
[04:11:32] [Server thread/INFO]: Saving players
[04:11:32] [Server thread/INFO]: Saving worlds
[04:11:32] [Server thread/INFO]: Saving chunks for level 'world'/Overworld
[04:11:32] [Server thread/INFO]: Saving chunks for level 'world'/ExtraUtils2_Quarry_Dim
[04:11:32] [Server thread/INFO]: Saving chunks for level 'world'/fakeend
[04:11:32] [Server thread/INFO]: Saving chunks for level 'world'/fakenether
[04:11:32] [Server thread/INFO]: Saving chunks for level 'world'/fakeoverworld
[04:11:32] [Server thread/INFO]: Saving chunks for level 'world'/Overworld
